warning: Git tree '/usr/local/monospace/templates/private/_local_import' is dirty
these 12 derivations will be built:
  /nix/store/843jr8czsx8bcilrhf5gc4qfa2474xa4-pinpointDependencies.js.drv
  /nix/store/8wsdasmwgzlqp7nwngskbvr32hxkhz6m-reconstructpackagelock.js.drv
  /nix/store/awc3frpz6381zl66fr2r72ygf7y1dzs6-install-package.drv
  /nix/store/qzn6nk607401lclsrcih2jf75yyyly7f-linkbins.js.drv
  /nix/store/znzkbdhq09sknvnz46d4q4m8b4yv8n50-addintegrityfields.js.drv
  /nix/store/77p9dgb1aymr86ma8rhyfgjqpzrz2zvi-ts-node-10.9.2.drv
  /nix/store/gmz4rk12c124vr9wagpfwkx37ixl4nbl-sandbox-files.drv
  /nix/store/j164hwi73pw3b6r6fna450rmkd6njnzh-builder.pl.drv
  /nix/store/yhlkn8gzzjh928w1llqn5f5pss5zq341-idx-template.drv
  /nix/store/jgqp0ppiq6k98s95g38z3k7liz85768p-sandbox.drv
  /nix/store/2qxsqb869vbqf90pv2cfjllq76s5a82y-usr-env.drv
  /nix/store/rfv9hjcli6gqyiah23vn5jfglbq48hmg-idx-template.drv
these 43 paths will be fetched (57.59 MiB download, 470.76 MiB unpacked):
  /nix/store/zbi11w56srcrp6wyxf1vwqq0n1df63s0-ShellCheck-0.10.0
  /nix/store/zz9f372d0hdrymxjlb89cjdravcka1d3-acorn-8.12.1.tgz
  /nix/store/c0vnl43birm09gfgjrc81k463d6jxl7i-acorn-walk-8.3.4.tgz
  /nix/store/7jd86bm2g6g6lcc1ibb9qs5vx29lvmja-arg-4.1.3.tgz
  /nix/store/ykqk6p42dvsilnm16xhw6yqp357ixiiw-bash-5.2p37-man
  /nix/store/m0xjpca5v5n8nlxyjmih1n8a071avvs0-core-1.7.26.tgz
  /nix/store/3f42piil96a85qfhnbavnvarrjl6896c-counter-0.1.3.tgz
  /nix/store/70s71svk7nb699jazz6awibi3d0k7vhh-create-require-1.1.1.tgz
  /nix/store/wy0ak10aphfdh13nnm5k7ww6aidsxzi0-die-hook
  /nix/store/s0sd1cwbb89jlp7j0nl1cxl9g0lbf2na-diff-4.0.2.tgz
  /nix/store/5jg0hm7av93fr9a0z14g49ryhpwbxbr6-ed-1.20.2
  /nix/store/plpc13r351l9bn13c03yvzd4q9kr5rcy-file-5.45
  /nix/store/zszv0wwyyb5pqfibp9avrmgs4lfphkmn-gnu-config-2024-01-01
  /nix/store/0xx06whymh7q41z839xvign6pblmb1x0-gnumake-4.4.1
  /nix/store/kfmg91y0c1vcav6xzhay2nv7zx5b8l6w-helpers-0.5.13.tgz
  /nix/store/mc94ypjzkxklqqikjzjgcvw6f4kg49z6-make-error-1.3.6.tgz
  /nix/store/nmlyrgn3klrc349b24k8yascjy62687p-make-shell-wrapper-hook
  /nix/store/q6xqmran8gngwgrfq0ip6wlyrixcmy78-node-22.5.5.tgz
  /nix/store/9lr26ls85bkr5l8f4d3jkvpcngg6gr32-node-sources
  /nix/store/3cw0w0hshbm60fsjs4y9hxcbj4jhv37i-node10-1.0.11.tgz
  /nix/store/rxyh923xx508x2h5v2s530fmihmg6nw3-node12-1.0.11.tgz
  /nix/store/dafiwhiq0j0gycxisgs2azb9l5mb4ak5-node14-1.0.3.tgz
  /nix/store/p5881ifka8drgqk08h6pj7l56dca9vzv-node16-1.0.4.tgz
  /nix/store/1nj6700bliaw60cnk6acj91w75k08892-patch-2.7.6
  /nix/store/4wyd0nnxzknglw4j5pw7xr7giw3fpb0k-patchelf-0.15.0
  /nix/store/s227xpa9aggz1mr206gha9yjnxpqispj-resolve-uri-3.1.2.tgz
  /nix/store/prk95mbawb3291rkpjh923sk2l62dcdk-source-map-support-0.8.1.tgz
  /nix/store/6j55grr36q8h6h6ygnrzj06d8mc7ld09-sourcemap-codec-1.5.0.tgz
  /nix/store/4mmdi8a6znw6qkf2gayg0iqig708pc3b-stdenv-linux
  /nix/store/l65gpmjg5rhr3cv53g7sslqawwmvwmxm-stdenv-linux
  /nix/store/488g8w3l49q0ix9d0g6nl9wxf3apnram-tarWrapper
  /nix/store/2100gh414yjl91vs61fjnmfrxhy3gbzb-trace-mapping-0.3.9.tgz
  /nix/store/cyn4hix7h5hj7zxyj7fim9mnipnp8inh-ts-node-10.9.2.tgz
  /nix/store/z86kmgcg8z52s0xxivpv97qs1zmhhm1d-tslib-2.7.0.tgz
  /nix/store/79g9dhwdgbfvm8zy9m34cq196h15azf4-types-0.1.12.tgz
  /nix/store/8nd0wj5xib9p0qfxwrwypm08czsgncr9-typescript-5.6.2.tgz
  /nix/store/9b483mcq6f0p9xicik806cgvv7jf4qs0-typescript-5.6.3
  /nix/store/s1zjcp6sjwlsr9g8nhjpp6d9m626gqlf-undici-types-6.19.8.tgz
  /nix/store/64683f927q2mhyrwn0z34zysjq0j2gqh-update-autotools-gnu-config-scripts-hook
  /nix/store/q0jhks0nnsdmwpjkd3xnmjhcs5cv8553-util-linux-2.39.4-dev
  /nix/store/n1ysf3pfwpkh3k4gbn5088xgf1i1c60x-v8-compile-cache-lib-3.0.1.tgz
  /nix/store/rp9iqd0phcz4bcamdgg9vkzsf86f7svn-wasm-1.7.26.tgz
  /nix/store/d25jcb080qjmp2ga0b1bzyncbq2yslc3-yn-3.1.1.tgz
copying path '/nix/store/zbi11w56srcrp6wyxf1vwqq0n1df63s0-ShellCheck-0.10.0' from 'https://cache.nixos.org' to 'local-overlay://'...
copying path '/nix/store/zszv0wwyyb5pqfibp9avrmgs4lfphkmn-gnu-config-2024-01-01' from 'https://cache.nixos.org' to 'local-overlay://'...
copying path '/nix/store/5jg0hm7av93fr9a0z14g49ryhpwbxbr6-ed-1.20.2' from 'https://cache.nixos.org' to 'local-overlay://'...
copying path '/nix/store/plpc13r351l9bn13c03yvzd4q9kr5rcy-file-5.45' from 'https://cache.nixos.org' to 'local-overlay://'...
copying path '/nix/store/0xx06whymh7q41z839xvign6pblmb1x0-gnumake-4.4.1' from 'https://cache.nixos.org' to 'local-overlay://'...
copying path '/nix/store/4wyd0nnxzknglw4j5pw7xr7giw3fpb0k-patchelf-0.15.0' from 'https://cache.nixos.org' to 'local-overlay://'...
copying path '/nix/store/ykqk6p42dvsilnm16xhw6yqp357ixiiw-bash-5.2p37-man' from 'https://cache.nixos.org' to 'local-overlay://'...
copying path '/nix/store/zz9f372d0hdrymxjlb89cjdravcka1d3-acorn-8.12.1.tgz' from 'https://cache.nixos.org' to 'local-overlay://'...
copying path '/nix/store/c0vnl43birm09gfgjrc81k463d6jxl7i-acorn-walk-8.3.4.tgz' from 'https://cache.nixos.org' to 'local-overlay://'...
copying path '/nix/store/7jd86bm2g6g6lcc1ibb9qs5vx29lvmja-arg-4.1.3.tgz' from 'https://cache.nixos.org' to 'local-overlay://'...
copying path '/nix/store/m0xjpca5v5n8nlxyjmih1n8a071avvs0-core-1.7.26.tgz' from 'https://cache.nixos.org' to 'local-overlay://'...
copying path '/nix/store/3f42piil96a85qfhnbavnvarrjl6896c-counter-0.1.3.tgz' from 'https://cache.nixos.org' to 'local-overlay://'...
copying path '/nix/store/70s71svk7nb699jazz6awibi3d0k7vhh-create-require-1.1.1.tgz' from 'https://cache.nixos.org' to 'local-overlay://'...
copying path '/nix/store/s0sd1cwbb89jlp7j0nl1cxl9g0lbf2na-diff-4.0.2.tgz' from 'https://cache.nixos.org' to 'local-overlay://'...
copying path '/nix/store/kfmg91y0c1vcav6xzhay2nv7zx5b8l6w-helpers-0.5.13.tgz' from 'https://cache.nixos.org' to 'local-overlay://'...
copying path '/nix/store/mc94ypjzkxklqqikjzjgcvw6f4kg49z6-make-error-1.3.6.tgz' from 'https://cache.nixos.org' to 'local-overlay://'...
copying path '/nix/store/wy0ak10aphfdh13nnm5k7ww6aidsxzi0-die-hook' from 'https://cache.nixos.org' to 'local-overlay://'...
copying path '/nix/store/q6xqmran8gngwgrfq0ip6wlyrixcmy78-node-22.5.5.tgz' from 'https://cache.nixos.org' to 'local-overlay://'...
copying path '/nix/store/9lr26ls85bkr5l8f4d3jkvpcngg6gr32-node-sources' from 'https://cache.nixos.org' to 'local-overlay://'...
copying path '/nix/store/rxyh923xx508x2h5v2s530fmihmg6nw3-node12-1.0.11.tgz' from 'https://cache.nixos.org' to 'local-overlay://'...
copying path '/nix/store/3cw0w0hshbm60fsjs4y9hxcbj4jhv37i-node10-1.0.11.tgz' from 'https://cache.nixos.org' to 'local-overlay://'...
copying path '/nix/store/dafiwhiq0j0gycxisgs2azb9l5mb4ak5-node14-1.0.3.tgz' from 'https://cache.nixos.org' to 'local-overlay://'...
copying path '/nix/store/p5881ifka8drgqk08h6pj7l56dca9vzv-node16-1.0.4.tgz' from 'https://cache.nixos.org' to 'local-overlay://'...
copying path '/nix/store/nmlyrgn3klrc349b24k8yascjy62687p-make-shell-wrapper-hook' from 'https://cache.nixos.org' to 'local-overlay://'...
copying path '/nix/store/s227xpa9aggz1mr206gha9yjnxpqispj-resolve-uri-3.1.2.tgz' from 'https://cache.nixos.org' to 'local-overlay://'...
copying path '/nix/store/1nj6700bliaw60cnk6acj91w75k08892-patch-2.7.6' from 'https://cache.nixos.org' to 'local-overlay://'...
copying path '/nix/store/prk95mbawb3291rkpjh923sk2l62dcdk-source-map-support-0.8.1.tgz' from 'https://cache.nixos.org' to 'local-overlay://'...
copying path '/nix/store/6j55grr36q8h6h6ygnrzj06d8mc7ld09-sourcemap-codec-1.5.0.tgz' from 'https://cache.nixos.org' to 'local-overlay://'...
copying path '/nix/store/488g8w3l49q0ix9d0g6nl9wxf3apnram-tarWrapper' from 'https://cache.nixos.org' to 'local-overlay://'...
copying path '/nix/store/2100gh414yjl91vs61fjnmfrxhy3gbzb-trace-mapping-0.3.9.tgz' from 'https://cache.nixos.org' to 'local-overlay://'...
copying path '/nix/store/cyn4hix7h5hj7zxyj7fim9mnipnp8inh-ts-node-10.9.2.tgz' from 'https://cache.nixos.org' to 'local-overlay://'...
copying path '/nix/store/z86kmgcg8z52s0xxivpv97qs1zmhhm1d-tslib-2.7.0.tgz' from 'https://cache.nixos.org' to 'local-overlay://'...
copying path '/nix/store/79g9dhwdgbfvm8zy9m34cq196h15azf4-types-0.1.12.tgz' from 'https://cache.nixos.org' to 'local-overlay://'...
copying path '/nix/store/8nd0wj5xib9p0qfxwrwypm08czsgncr9-typescript-5.6.2.tgz' from 'https://cache.nixos.org' to 'local-overlay://'...
copying path '/nix/store/9b483mcq6f0p9xicik806cgvv7jf4qs0-typescript-5.6.3' from 'https://cache.nixos.org' to 'local-overlay://'...
copying path '/nix/store/s1zjcp6sjwlsr9g8nhjpp6d9m626gqlf-undici-types-6.19.8.tgz' from 'https://cache.nixos.org' to 'local-overlay://'...
copying path '/nix/store/64683f927q2mhyrwn0z34zysjq0j2gqh-update-autotools-gnu-config-scripts-hook' from 'https://cache.nixos.org' to 'local-overlay://'...
copying path '/nix/store/q0jhks0nnsdmwpjkd3xnmjhcs5cv8553-util-linux-2.39.4-dev' from 'https://cache.nixos.org' to 'local-overlay://'...
copying path '/nix/store/n1ysf3pfwpkh3k4gbn5088xgf1i1c60x-v8-compile-cache-lib-3.0.1.tgz' from 'https://cache.nixos.org' to 'local-overlay://'...
copying path '/nix/store/rp9iqd0phcz4bcamdgg9vkzsf86f7svn-wasm-1.7.26.tgz' from 'https://cache.nixos.org' to 'local-overlay://'...
copying path '/nix/store/d25jcb080qjmp2ga0b1bzyncbq2yslc3-yn-3.1.1.tgz' from 'https://cache.nixos.org' to 'local-overlay://'...
copying path '/nix/store/4mmdi8a6znw6qkf2gayg0iqig708pc3b-stdenv-linux' from 'https://cache.nixos.org' to 'local-overlay://'...
copying path '/nix/store/l65gpmjg5rhr3cv53g7sslqawwmvwmxm-stdenv-linux' from 'https://cache.nixos.org' to 'local-overlay://'...
building '/nix/store/znzkbdhq09sknvnz46d4q4m8b4yv8n50-addintegrityfields.js.drv'...
building '/nix/store/j164hwi73pw3b6r6fna450rmkd6njnzh-builder.pl.drv'...
building '/nix/store/awc3frpz6381zl66fr2r72ygf7y1dzs6-install-package.drv'...
building '/nix/store/qzn6nk607401lclsrcih2jf75yyyly7f-linkbins.js.drv'...
building '/nix/store/843jr8czsx8bcilrhf5gc4qfa2474xa4-pinpointDependencies.js.drv'...
building '/nix/store/8wsdasmwgzlqp7nwngskbvr32hxkhz6m-reconstructpackagelock.js.drv'...
building '/nix/store/gmz4rk12c124vr9wagpfwkx37ixl4nbl-sandbox-files.drv'...
building '/nix/store/77p9dgb1aymr86ma8rhyfgjqpzrz2zvi-ts-node-10.9.2.drv'...
Running phase: unpackPhase
Running phase: patchPhase
Running phase: updateAutotoolsGnuConfigScriptsPhase
Running phase: configurePhase
no configure script, doing nothing
Running phase: buildPhase
Running phase: installPhase
unpacking source archive /nix/store/cyn4hix7h5hj7zxyj7fim9mnipnp8inh-ts-node-10.9.2.tgz
unpacking source archive /nix/store/prk95mbawb3291rkpjh923sk2l62dcdk-source-map-support-0.8.1.tgz
unpacking source archive /nix/store/s227xpa9aggz1mr206gha9yjnxpqispj-resolve-uri-3.1.2.tgz
unpacking source archive /nix/store/6j55grr36q8h6h6ygnrzj06d8mc7ld09-sourcemap-codec-1.5.0.tgz
unpacking source archive /nix/store/2100gh414yjl91vs61fjnmfrxhy3gbzb-trace-mapping-0.3.9.tgz
unpacking source archive /nix/store/m0xjpca5v5n8nlxyjmih1n8a071avvs0-core-1.7.26.tgz
unpacking source archive /nix/store/3f42piil96a85qfhnbavnvarrjl6896c-counter-0.1.3.tgz
unpacking source archive /nix/store/kfmg91y0c1vcav6xzhay2nv7zx5b8l6w-helpers-0.5.13.tgz
unpacking source archive /nix/store/79g9dhwdgbfvm8zy9m34cq196h15azf4-types-0.1.12.tgz
unpacking source archive /nix/store/rp9iqd0phcz4bcamdgg9vkzsf86f7svn-wasm-1.7.26.tgz
unpacking source archive /nix/store/3cw0w0hshbm60fsjs4y9hxcbj4jhv37i-node10-1.0.11.tgz
unpacking source archive /nix/store/rxyh923xx508x2h5v2s530fmihmg6nw3-node12-1.0.11.tgz
unpacking source archive /nix/store/dafiwhiq0j0gycxisgs2azb9l5mb4ak5-node14-1.0.3.tgz
unpacking source archive /nix/store/p5881ifka8drgqk08h6pj7l56dca9vzv-node16-1.0.4.tgz
unpacking source archive /nix/store/q6xqmran8gngwgrfq0ip6wlyrixcmy78-node-22.5.5.tgz
unpacking source archive /nix/store/zz9f372d0hdrymxjlb89cjdravcka1d3-acorn-8.12.1.tgz
unpacking source archive /nix/store/c0vnl43birm09gfgjrc81k463d6jxl7i-acorn-walk-8.3.4.tgz
unpacking source archive /nix/store/7jd86bm2g6g6lcc1ibb9qs5vx29lvmja-arg-4.1.3.tgz
unpacking source archive /nix/store/70s71svk7nb699jazz6awibi3d0k7vhh-create-require-1.1.1.tgz
unpacking source archive /nix/store/s0sd1cwbb89jlp7j0nl1cxl9g0lbf2na-diff-4.0.2.tgz
unpacking source archive /nix/store/mc94ypjzkxklqqikjzjgcvw6f4kg49z6-make-error-1.3.6.tgz
unpacking source archive /nix/store/z86kmgcg8z52s0xxivpv97qs1zmhhm1d-tslib-2.7.0.tgz
unpacking source archive /nix/store/8nd0wj5xib9p0qfxwrwypm08czsgncr9-typescript-5.6.2.tgz
unpacking source archive /nix/store/s1zjcp6sjwlsr9g8nhjpp6d9m626gqlf-undici-types-6.19.8.tgz
unpacking source archive /nix/store/n1ysf3pfwpkh3k4gbn5088xgf1i1c60x-v8-compile-cache-lib-3.0.1.tgz
unpacking source archive /nix/store/d25jcb080qjmp2ga0b1bzyncbq2yslc3-yn-3.1.1.tgz
pinpointing versions of dependencies...
WARNING: cannot pinpoint dependency: @swc/core-darwin-x64, context: /nix/store/dg2ig5f7f55f8ga54mh05jk7gyc2iyhz-ts-node-10.9.2/lib/node_modules/ts-node/node_modules/@swc/core
WARNING: cannot pinpoint dependency: @swc/core-win32-x64-msvc, context: /nix/store/dg2ig5f7f55f8ga54mh05jk7gyc2iyhz-ts-node-10.9.2/lib/node_modules/ts-node/node_modules/@swc/core
WARNING: cannot pinpoint dependency: @swc/core-linux-x64-gnu, context: /nix/store/dg2ig5f7f55f8ga54mh05jk7gyc2iyhz-ts-node-10.9.2/lib/node_modules/ts-node/node_modules/@swc/core
WARNING: cannot pinpoint dependency: @swc/core-linux-x64-musl, context: /nix/store/dg2ig5f7f55f8ga54mh05jk7gyc2iyhz-ts-node-10.9.2/lib/node_modules/ts-node/node_modules/@swc/core
WARNING: cannot pinpoint dependency: @swc/core-win32-ia32-msvc, context: /nix/store/dg2ig5f7f55f8ga54mh05jk7gyc2iyhz-ts-node-10.9.2/lib/node_modules/ts-node/node_modules/@swc/core
WARNING: cannot pinpoint dependency: @swc/core-linux-arm-gnueabihf, context: /nix/store/dg2ig5f7f55f8ga54mh05jk7gyc2iyhz-ts-node-10.9.2/lib/node_modules/ts-node/node_modules/@swc/core
WARNING: cannot pinpoint dependency: @swc/core-linux-arm64-gnu, context: /nix/store/dg2ig5f7f55f8ga54mh05jk7gyc2iyhz-ts-node-10.9.2/lib/node_modules/ts-node/node_modules/@swc/core
WARNING: cannot pinpoint dependency: @swc/core-darwin-arm64, context: /nix/store/dg2ig5f7f55f8ga54mh05jk7gyc2iyhz-ts-node-10.9.2/lib/node_modules/ts-node/node_modules/@swc/core
WARNING: cannot pinpoint dependency: @swc/core-linux-arm64-musl, context: /nix/store/dg2ig5f7f55f8ga54mh05jk7gyc2iyhz-ts-node-10.9.2/lib/node_modules/ts-node/node_modules/@swc/core
WARNING: cannot pinpoint dependency: @swc/core-win32-arm64-msvc, context: /nix/store/dg2ig5f7f55f8ga54mh05jk7gyc2iyhz-ts-node-10.9.2/lib/node_modules/ts-node/node_modules/@swc/core
patching script interpreter paths in .
./ts-node/node_modules/typescript/bin/tsc: interpreter directive changed from "#!/usr/bin/env node" to "/nix/store/ws50yvm6vzlzf7jzz6n7xh4szddrack1-nodejs-20.19.1/bin/node"
./ts-node/node_modules/typescript/bin/tsserver: interpreter directive changed from "#!/usr/bin/env node" to "/nix/store/ws50yvm6vzlzf7jzz6n7xh4szddrack1-nodejs-20.19.1/bin/node"
./ts-node/node_modules/acorn/bin/acorn: interpreter directive changed from "#!/usr/bin/env node" to "/nix/store/ws50yvm6vzlzf7jzz6n7xh4szddrack1-nodejs-20.19.1/bin/node"
No package-lock.json file found, reconstructing...
Adding metadata fields to: node_modules/@cspotcode/source-map-support/package.json
Adding metadata fields to: node_modules/@jridgewell/resolve-uri/package.json
Adding metadata fields to: node_modules/@jridgewell/sourcemap-codec/package.json
Adding metadata fields to: node_modules/@jridgewell/trace-mapping/package.json
Adding metadata fields to: node_modules/@swc/core/package.json
Adding metadata fields to: node_modules/@swc/counter/package.json
Adding metadata fields to: node_modules/@swc/helpers/package.json
Adding metadata fields to: node_modules/@swc/types/package.json
Adding metadata fields to: node_modules/@swc/wasm/package.json
Adding metadata fields to: node_modules/@tsconfig/node10/package.json
Adding metadata fields to: node_modules/@tsconfig/node12/package.json
Adding metadata fields to: node_modules/@tsconfig/node14/package.json
Adding metadata fields to: node_modules/@tsconfig/node16/package.json
Adding metadata fields to: node_modules/@types/node/package.json
Adding metadata fields to: node_modules/acorn/package.json
Adding metadata fields to: node_modules/acorn-walk/package.json
Adding metadata fields to: node_modules/arg/package.json
Adding metadata fields to: node_modules/create-require/package.json
Adding metadata fields to: node_modules/diff/package.json
Adding metadata fields to: node_modules/make-error/package.json
Adding metadata fields to: node_modules/tslib/package.json
Adding metadata fields to: node_modules/typescript/package.json
Adding metadata fields to: node_modules/undici-types/package.json
Adding metadata fields to: node_modules/v8-compile-cache-lib/package.json
Adding metadata fields to: node_modules/yn/package.json
npm warn config production Use `--omit=dev` instead.
\rebuilt dependencies successfully
\npm warn config production Use `--omit=dev` instead.
\
removed 2 packages, and audited 24 packages in 269ms
\
found 0 vulnerabilities
\linking bin 'ts-node'
linking bin 'ts-node-cwd'
linking bin 'ts-node-esm'
linking bin 'ts-node-script'
linking bin 'ts-node-transpile-only'
linking bin 'ts-script'
Running phase: fixupPhase
shrinking RPATHs of ELF executables and libraries in /nix/store/dg2ig5f7f55f8ga54mh05jk7gyc2iyhz-ts-node-10.9.2
checking for references to /build/ in /nix/store/dg2ig5f7f55f8ga54mh05jk7gyc2iyhz-ts-node-10.9.2...
patching script interpreter paths in /nix/store/dg2ig5f7f55f8ga54mh05jk7gyc2iyhz-ts-node-10.9.2
/nix/store/dg2ig5f7f55f8ga54mh05jk7gyc2iyhz-ts-node-10.9.2/lib/node_modules/ts-node/dist/bin-script-deprecated.js: interpreter directive changed from "#!/usr/bin/env node" to "/nix/store/ws50yvm6vzlzf7jzz6n7xh4szddrack1-nodejs-20.19.1/bin/node"
/nix/store/dg2ig5f7f55f8ga54mh05jk7gyc2iyhz-ts-node-10.9.2/lib/node_modules/ts-node/dist/bin-esm.js: interpreter directive changed from "#!/usr/bin/env node" to "/nix/store/ws50yvm6vzlzf7jzz6n7xh4szddrack1-nodejs-20.19.1/bin/node"
/nix/store/dg2ig5f7f55f8ga54mh05jk7gyc2iyhz-ts-node-10.9.2/lib/node_modules/ts-node/dist/bin-transpile.js: interpreter directive changed from "#!/usr/bin/env node" to "/nix/store/ws50yvm6vzlzf7jzz6n7xh4szddrack1-nodejs-20.19.1/bin/node"
/nix/store/dg2ig5f7f55f8ga54mh05jk7gyc2iyhz-ts-node-10.9.2/lib/node_modules/ts-node/dist/bin-cwd.js: interpreter directive changed from "#!/usr/bin/env node" to "/nix/store/ws50yvm6vzlzf7jzz6n7xh4szddrack1-nodejs-20.19.1/bin/node"
/nix/store/dg2ig5f7f55f8ga54mh05jk7gyc2iyhz-ts-node-10.9.2/lib/node_modules/ts-node/dist/bin.js: interpreter directive changed from "#!/usr/bin/env node" to "/nix/store/ws50yvm6vzlzf7jzz6n7xh4szddrack1-nodejs-20.19.1/bin/node"
/nix/store/dg2ig5f7f55f8ga54mh05jk7gyc2iyhz-ts-node-10.9.2/lib/node_modules/ts-node/dist/bin-script.js: interpreter directive changed from "#!/usr/bin/env node" to "/nix/store/ws50yvm6vzlzf7jzz6n7xh4szddrack1-nodejs-20.19.1/bin/node"
rewriting symlink /nix/store/dg2ig5f7f55f8ga54mh05jk7gyc2iyhz-ts-node-10.9.2/bin to be relative to /nix/store/dg2ig5f7f55f8ga54mh05jk7gyc2iyhz-ts-node-10.9.2
building '/nix/store/yhlkn8gzzjh928w1llqn5f5pss5zq341-idx-template.drv'...
building '/nix/store/jgqp0ppiq6k98s95g38z3k7liz85768p-sandbox.drv'...
created 428 symlinks in user environment
building '/nix/store/2qxsqb869vbqf90pv2cfjllq76s5a82y-usr-env.drv'...
/nix/store/fr3hcyxd0plz5blw6axwlnszzghcs96k-usr-env /build
/nix/store/fr3hcyxd0plz5blw6axwlnszzghcs96k-usr-env/usr /nix/store/fr3hcyxd0plz5blw6axwlnszzghcs96k-usr-env /build
/nix/store/fr3hcyxd0plz5blw6axwlnszzghcs96k-usr-env /build
building '/nix/store/rfv9hjcli6gqyiah23vn5jfglbq48hmg-idx-template.drv'...
TypeError: Unknown file extension ".ts" for /nix/store/s24x7lkcfl5f086psp5584zxpg9rnira-unzipper.ts
    at Object.getFileProtocolModuleFormat [as file:] (node:internal/modules/esm/get_format:189:9)
    at defaultGetFormat (node:internal/modules/esm/get_format:232:36)
    at defaultLoad (node:internal/modules/esm/load:145:22)
    at async ModuleLoader.loadAndTranslate (node:internal/modules/esm/loader:477:45)
    at async ModuleJob._link (node:internal/modules/esm/module_job:110:19) {
  code: 'ERR_UNKNOWN_FILE_EXTENSION'
}
